<?xml version="1.0" encoding="UTF-8"?>
<coverage generated="1661305856140" clover="3.2.0">
  <project timestamp="1661305856140" name="All files">
    <metrics statements="50" coveredstatements="50" conditionals="15" coveredconditionals="15" methods="12" coveredmethods="12" elements="77" coveredelements="77" complexity="0" loc="50" ncloc="50" packages="1" files="1" classes="1"/>
    <file name="bankLending.ts" path="C:\Users\aluno\Documents\breno\LP2\atividade1\src\bankLending.ts">
      <metrics statements="50" coveredstatements="50" conditionals="15" coveredconditionals="15" methods="12" coveredmethods="12"/>
      <line num="1" count="1" type="stmt"/>
      <line num="13" count="10" type="stmt"/>
      <line num="14" count="10" type="stmt"/>
      <line num="15" count="10" type="stmt"/>
      <line num="16" count="10" type="stmt"/>
      <line num="17" count="10" type="stmt"/>
      <line num="18" count="10" type="stmt"/>
      <line num="19" count="10" type="stmt"/>
      <line num="20" count="10" type="stmt"/>
      <line num="21" count="10" type="stmt"/>
      <line num="25" count="10" type="cond" truecount="2" falsecount="0"/>
      <line num="26" count="3" type="stmt"/>
      <line num="27" count="3" type="stmt"/>
      <line num="28" count="3" type="stmt"/>
      <line num="29" count="3" type="stmt"/>
      <line num="30" count="7" type="cond" truecount="2" falsecount="0"/>
      <line num="31" count="3" type="stmt"/>
      <line num="32" count="3" type="stmt"/>
      <line num="33" count="3" type="stmt"/>
      <line num="34" count="3" type="stmt"/>
      <line num="35" count="4" type="cond" truecount="2" falsecount="0"/>
      <line num="36" count="3" type="stmt"/>
      <line num="37" count="3" type="stmt"/>
      <line num="38" count="3" type="stmt"/>
      <line num="39" count="3" type="stmt"/>
      <line num="41" count="1" type="stmt"/>
      <line num="47" count="6" type="stmt"/>
      <line num="49" count="6" type="cond" truecount="2" falsecount="0"/>
      <line num="50" count="3" type="stmt"/>
      <line num="52" count="3" type="stmt"/>
      <line num="55" count="6" type="cond" truecount="2" falsecount="0"/>
      <line num="56" count="3" type="stmt"/>
      <line num="58" count="3" type="stmt"/>
      <line num="61" count="6" type="cond" truecount="4" falsecount="0"/>
      <line num="62" count="3" type="stmt"/>
      <line num="63" count="3" type="stmt"/>
      <line num="65" count="3" type="stmt"/>
      <line num="66" count="3" type="stmt"/>
      <line num="69" count="6" type="cond" truecount="1" falsecount="0"/>
      <line num="70" count="3" type="stmt"/>
      <line num="73" count="3" type="stmt"/>
      <line num="80" count="10" type="stmt"/>
      <line num="84" count="4" type="stmt"/>
      <line num="88" count="4" type="stmt"/>
      <line num="92" count="4" type="stmt"/>
      <line num="96" count="6" type="stmt"/>
      <line num="100" count="9" type="stmt"/>
      <line num="104" count="12" type="stmt"/>
      <line num="108" count="6" type="stmt"/>
      <line num="112" count="3" type="stmt"/>
    </file>
  </project>
</coverage>
