{"C:\\Users\\aluno\\Documents\\breno\\LP2\\atividade1\\src\\bankLending.ts": {"path":"C:\\Users\\aluno\\Documents\\breno\\LP2\\atividade1\\src\\bankLending.ts","statementMap":{"0":{"start":{"line":13,"column":8},"end":{"line":13,"column":null}},"1":{"start":{"line":14,"column":8},"end":{"line":14,"column":null}},"2":{"start":{"line":15,"column":8},"end":{"line":15,"column":null}},"3":{"start":{"line":16,"column":8},"end":{"line":16,"column":null}},"4":{"start":{"line":17,"column":8},"end":{"line":17,"column":null}},"5":{"start":{"line":18,"column":8},"end":{"line":18,"column":null}},"6":{"start":{"line":19,"column":8},"end":{"line":19,"column":null}},"7":{"start":{"line":20,"column":8},"end":{"line":20,"column":null}},"8":{"start":{"line":21,"column":8},"end":{"line":21,"column":null}},"9":{"start":{"line":25,"column":8},"end":{"line":42,"column":null}},"10":{"start":{"line":26,"column":12},"end":{"line":26,"column":null}},"11":{"start":{"line":27,"column":12},"end":{"line":27,"column":null}},"12":{"start":{"line":28,"column":12},"end":{"line":28,"column":null}},"13":{"start":{"line":29,"column":12},"end":{"line":29,"column":null}},"14":{"start":{"line":30,"column":15},"end":{"line":42,"column":null}},"15":{"start":{"line":31,"column":12},"end":{"line":31,"column":null}},"16":{"start":{"line":32,"column":12},"end":{"line":32,"column":null}},"17":{"start":{"line":33,"column":12},"end":{"line":33,"column":null}},"18":{"start":{"line":34,"column":12},"end":{"line":34,"column":null}},"19":{"start":{"line":35,"column":15},"end":{"line":42,"column":null}},"20":{"start":{"line":36,"column":12},"end":{"line":36,"column":null}},"21":{"start":{"line":37,"column":12},"end":{"line":37,"column":null}},"22":{"start":{"line":38,"column":12},"end":{"line":38,"column":null}},"23":{"start":{"line":39,"column":12},"end":{"line":39,"column":null}},"24":{"start":{"line":41,"column":12},"end":{"line":41,"column":null}},"25":{"start":{"line":47,"column":8},"end":{"line":47,"column":null}},"26":{"start":{"line":49,"column":8},"end":{"line":53,"column":null}},"27":{"start":{"line":50,"column":12},"end":{"line":50,"column":null}},"28":{"start":{"line":52,"column":12},"end":{"line":52,"column":null}},"29":{"start":{"line":55,"column":8},"end":{"line":59,"column":null}},"30":{"start":{"line":56,"column":12},"end":{"line":56,"column":null}},"31":{"start":{"line":58,"column":12},"end":{"line":58,"column":null}},"32":{"start":{"line":61,"column":8},"end":{"line":67,"column":null}},"33":{"start":{"line":62,"column":12},"end":{"line":62,"column":null}},"34":{"start":{"line":63,"column":12},"end":{"line":63,"column":null}},"35":{"start":{"line":65,"column":12},"end":{"line":65,"column":null}},"36":{"start":{"line":66,"column":12},"end":{"line":66,"column":null}},"37":{"start":{"line":69,"column":8},"end":{"line":75,"column":null}},"38":{"start":{"line":70,"column":12},"end":{"line":70,"column":null}},"39":{"start":{"line":73,"column":12},"end":{"line":73,"column":null}},"40":{"start":{"line":80,"column":8},"end":{"line":80,"column":null}},"41":{"start":{"line":84,"column":8},"end":{"line":84,"column":null}},"42":{"start":{"line":88,"column":8},"end":{"line":88,"column":null}},"43":{"start":{"line":92,"column":8},"end":{"line":92,"column":null}},"44":{"start":{"line":96,"column":8},"end":{"line":96,"column":null}},"45":{"start":{"line":100,"column":8},"end":{"line":100,"column":null}},"46":{"start":{"line":104,"column":8},"end":{"line":104,"column":null}},"47":{"start":{"line":108,"column":8},"end":{"line":108,"column":null}},"48":{"start":{"line":112,"column":8},"end":{"line":112,"column":null}},"49":{"start":{"line":1,"column":0},"end":{"line":1,"column":21}}},"fnMap":{"0":{"name":"(anonymous_0)","decl":{"start":{"line":12,"column":4},"end":{"line":12,"column":null}},"loc":{"start":{"line":12,"column":4},"end":{"line":22,"column":5}}},"1":{"name":"(anonymous_1)","decl":{"start":{"line":24,"column":4},"end":{"line":24,"column":14}},"loc":{"start":{"line":24,"column":29},"end":{"line":43,"column":6}}},"2":{"name":"(anonymous_2)","decl":{"start":{"line":45,"column":5},"end":{"line":45,"column":15}},"loc":{"start":{"line":45,"column":86},"end":{"line":77,"column":6}}},"3":{"name":"(anonymous_3)","decl":{"start":{"line":79,"column":4},"end":{"line":79,"column":8}},"loc":{"start":{"line":79,"column":14},"end":{"line":81,"column":5}}},"4":{"name":"(anonymous_4)","decl":{"start":{"line":83,"column":4},"end":{"line":83,"column":8}},"loc":{"start":{"line":83,"column":12},"end":{"line":85,"column":5}}},"5":{"name":"(anonymous_5)","decl":{"start":{"line":87,"column":4},"end":{"line":87,"column":8}},"loc":{"start":{"line":87,"column":19},"end":{"line":89,"column":5}}},"6":{"name":"(anonymous_6)","decl":{"start":{"line":91,"column":4},"end":{"line":91,"column":8}},"loc":{"start":{"line":91,"column":25},"end":{"line":93,"column":5}}},"7":{"name":"(anonymous_7)","decl":{"start":{"line":95,"column":4},"end":{"line":95,"column":8}},"loc":{"start":{"line":95,"column":23},"end":{"line":97,"column":5}}},"8":{"name":"(anonymous_8)","decl":{"start":{"line":99,"column":4},"end":{"line":99,"column":8}},"loc":{"start":{"line":99,"column":29},"end":{"line":101,"column":5}}},"9":{"name":"(anonymous_9)","decl":{"start":{"line":103,"column":4},"end":{"line":103,"column":8}},"loc":{"start":{"line":103,"column":24},"end":{"line":105,"column":5}}},"10":{"name":"(anonymous_10)","decl":{"start":{"line":107,"column":4},"end":{"line":107,"column":8}},"loc":{"start":{"line":107,"column":22},"end":{"line":109,"column":5}}},"11":{"name":"(anonymous_11)","decl":{"start":{"line":111,"column":4},"end":{"line":111,"column":8}},"loc":{"start":{"line":111,"column":25},"end":{"line":113,"column":5}}}},"branchMap":{"0":{"loc":{"start":{"line":25,"column":8},"end":{"line":42,"column":null}},"type":"if","locations":[{"start":{"line":25,"column":8},"end":{"line":42,"column":null}},{"start":{"line":30,"column":15},"end":{"line":42,"column":null}}]},"1":{"loc":{"start":{"line":30,"column":15},"end":{"line":42,"column":null}},"type":"if","locations":[{"start":{"line":30,"column":15},"end":{"line":42,"column":null}},{"start":{"line":35,"column":15},"end":{"line":42,"column":null}}]},"2":{"loc":{"start":{"line":35,"column":15},"end":{"line":42,"column":null}},"type":"if","locations":[{"start":{"line":35,"column":15},"end":{"line":42,"column":null}},{"start":{"line":40,"column":15},"end":{"line":42,"column":null}}]},"3":{"loc":{"start":{"line":49,"column":8},"end":{"line":53,"column":null}},"type":"if","locations":[{"start":{"line":49,"column":8},"end":{"line":53,"column":null}},{"start":{"line":51,"column":15},"end":{"line":53,"column":null}}]},"4":{"loc":{"start":{"line":55,"column":8},"end":{"line":59,"column":null}},"type":"if","locations":[{"start":{"line":55,"column":8},"end":{"line":59,"column":null}},{"start":{"line":57,"column":15},"end":{"line":59,"column":null}}]},"5":{"loc":{"start":{"line":61,"column":8},"end":{"line":67,"column":null}},"type":"if","locations":[{"start":{"line":61,"column":8},"end":{"line":67,"column":null}},{"start":{"line":64,"column":15},"end":{"line":67,"column":null}}]},"6":{"loc":{"start":{"line":61,"column":11},"end":{"line":61,"column":107}},"type":"binary-expr","locations":[{"start":{"line":61,"column":11},"end":{"line":61,"column":51}},{"start":{"line":61,"column":55},"end":{"line":61,"column":107}}]},"7":{"loc":{"start":{"line":69,"column":8},"end":{"line":75,"column":null}},"type":"if","locations":[{"start":{"line":69,"column":8},"end":{"line":75,"column":null}}]}},"s":{"0":10,"1":10,"2":10,"3":10,"4":10,"5":10,"6":10,"7":10,"8":10,"9":10,"10":3,"11":3,"12":3,"13":3,"14":7,"15":3,"16":3,"17":3,"18":3,"19":4,"20":3,"21":3,"22":3,"23":3,"24":1,"25":6,"26":6,"27":3,"28":3,"29":6,"30":3,"31":3,"32":6,"33":3,"34":3,"35":3,"36":3,"37":6,"38":3,"39":3,"40":10,"41":4,"42":4,"43":4,"44":6,"45":9,"46":12,"47":6,"48":3,"49":1},"f":{"0":10,"1":10,"2":6,"3":10,"4":4,"5":4,"6":4,"7":6,"8":9,"9":12,"10":6,"11":3},"b":{"0":[3,7],"1":[3,4],"2":[3,1],"3":[3,3],"4":[3,3],"5":[3,3],"6":[6,3],"7":[3]}}
}
