TN:
SF:src\bankLending.ts
FN:12,(anonymous_0)
FN:24,(anonymous_1)
FN:45,(anonymous_2)
FN:79,(anonymous_3)
FN:83,(anonymous_4)
FN:87,(anonymous_5)
FN:91,(anonymous_6)
FN:95,(anonymous_7)
FN:99,(anonymous_8)
FN:103,(anonymous_9)
FN:107,(anonymous_10)
FN:111,(anonymous_11)
FNF:12
FNH:12
FNDA:10,(anonymous_0)
FNDA:10,(anonymous_1)
FNDA:6,(anonymous_2)
FNDA:10,(anonymous_3)
FNDA:4,(anonymous_4)
FNDA:4,(anonymous_5)
FNDA:4,(anonymous_6)
FNDA:6,(anonymous_7)
FNDA:9,(anonymous_8)
FNDA:12,(anonymous_9)
FNDA:6,(anonymous_10)
FNDA:3,(anonymous_11)
DA:1,1
DA:13,10
DA:14,10
DA:15,10
DA:16,10
DA:17,10
DA:18,10
DA:19,10
DA:20,10
DA:21,10
DA:25,10
DA:26,3
DA:27,3
DA:28,3
DA:29,3
DA:30,7
DA:31,3
DA:32,3
DA:33,3
DA:34,3
DA:35,4
DA:36,3
DA:37,3
DA:38,3
DA:39,3
DA:41,1
DA:47,6
DA:49,6
DA:50,3
DA:52,3
DA:55,6
DA:56,3
DA:58,3
DA:61,6
DA:62,3
DA:63,3
DA:65,3
DA:66,3
DA:69,6
DA:70,3
DA:73,3
DA:80,10
DA:84,4
DA:88,4
DA:92,4
DA:96,6
DA:100,9
DA:104,12
DA:108,6
DA:112,3
LF:50
LH:50
BRDA:25,0,0,3
BRDA:25,0,1,7
BRDA:30,1,0,3
BRDA:30,1,1,4
BRDA:35,2,0,3
BRDA:35,2,1,1
BRDA:49,3,0,3
BRDA:49,3,1,3
BRDA:55,4,0,3
BRDA:55,4,1,3
BRDA:61,5,0,3
BRDA:61,5,1,3
BRDA:61,6,0,6
BRDA:61,6,1,3
BRDA:69,7,0,3
BRF:15
BRH:15
end_of_record
